#! /usr/bin/vvp
:ivl_version "0.9.7 " "(v0_9_7)";
:vpi_time_precision + 0;
:vpi_module "system";
:vpi_module "v2005_math";
:vpi_module "va_math";
S_0x1594f20 .scope module, "final" "final" 2 2;
 .timescale 0 0;
v0x15c33d0_0 .net/s *"_s2", 0 0, C4<0>; 1 drivers
v0x15c3600_0 .net "clk", 0 0, C4<z>; 0 drivers
RS_0x7fb7ecb0f168 .resolv tri, L_0x15c38c0, L_0x15c6cd0, C4<zzzz>, C4<zzzz>;
v0x15c3680_0 .net8 "comp_in", 3 0, RS_0x7fb7ecb0f168; 2 drivers
v0x15c3700_0 .net "out", 3 0, L_0x15c7590; 1 drivers
v0x15c37b0_0 .net "rst", 0 0, C4<z>; 0 drivers
L_0x15c38c0 .part/pv C4<0>, 3, 1, 4;
RS_0x7fb7ecb0fd68 .resolv tri, L_0x15c6b80, L_0x15c6d70, L_0x15c6ec0, C4<zzz>;
L_0x15c6cd0 .part/pv RS_0x7fb7ecb0fd68, 0, 3, 4;
S_0x15bf1d0 .scope module, "f" "fsm" 2 8, 3 1, S_0x1594f20;
 .timescale 0 0;
L_0x15c5890 .functor AND 1, L_0x15c3e50, L_0x15c42b0, C4<1>, C4<1>;
L_0x15c5a10 .functor AND 1, L_0x15c5890, L_0x15c4720, C4<1>, C4<1>;
L_0x15c5b00 .functor AND 1, L_0x15c43b0, L_0x15c4820, C4<1>, C4<1>;
L_0x15c5c80 .functor AND 1, L_0x15c42b0, L_0x15c4720, C4<1>, C4<1>;
L_0x15c5e10 .functor AND 1, L_0x15c5c80, L_0x15c5ce0, C4<1>, C4<1>;
L_0x15c5f10 .functor AND 1, L_0x15c5e10, L_0x15c5e70, C4<1>, C4<1>;
L_0x15c5fb0 .functor OR 1, L_0x15c5b00, L_0x15c5f10, C4<0>, C4<0>;
L_0x15c6010 .functor AND 1, L_0x15c3e50, L_0x15c5fb0, C4<1>, C4<1>;
L_0x15c6110 .functor AND 1, L_0x15c3e50, L_0x15c4720, C4<1>, C4<1>;
L_0x15c6170 .functor AND 1, L_0x15c3e50, L_0x15c43b0, C4<1>, C4<1>;
L_0x15c6230 .functor AND 1, L_0x15c3d50, L_0x15c43b0, C4<1>, C4<1>;
L_0x15c6320 .functor AND 1, L_0x15c3e50, L_0x15c42b0, C4<1>, C4<1>;
L_0x15c61d0 .functor AND 1, L_0x15c6490, L_0x15c6530, C4<1>, C4<1>;
L_0x15c66c0 .functor AND 1, L_0x15c6320, L_0x15c65d0, C4<1>, C4<1>;
L_0x15c6840 .functor OR 1, L_0x15c6230, L_0x15c66c0, C4<0>, C4<0>;
L_0x15c6940 .functor AND 1, L_0x15c4720, L_0x15c6840, C4<1>, C4<1>;
L_0x15c6a80 .functor OR 1, L_0x15c6170, L_0x15c6940, C4<0>, C4<0>;
L_0x15c6c20 .functor BUFZ 1, L_0x15c3d50, C4<0>, C4<0>, C4<0>;
L_0x15c6e10 .functor BUFZ 1, L_0x15c42b0, C4<0>, C4<0>, C4<0>;
L_0x15c6fb0 .functor BUFZ 1, L_0x15c4720, C4<0>, C4<0>, C4<0>;
v0x15c1cd0_0 .net *"_s0", 0 0, L_0x15c5890; 1 drivers
v0x15c1d90_0 .net *"_s10", 0 0, L_0x15c5e10; 1 drivers
v0x15c1e30_0 .net *"_s13", 0 0, L_0x15c5e70; 1 drivers
v0x15c1ed0_0 .net *"_s14", 0 0, L_0x15c5f10; 1 drivers
v0x15c1f50_0 .net *"_s16", 0 0, L_0x15c5fb0; 1 drivers
v0x15c1ff0_0 .net *"_s22", 0 0, L_0x15c6170; 1 drivers
v0x15c2090_0 .net *"_s24", 0 0, L_0x15c6230; 1 drivers
v0x15c2130_0 .net *"_s26", 0 0, L_0x15c6320; 1 drivers
v0x15c2220_0 .net *"_s29", 0 0, L_0x15c6490; 1 drivers
v0x15c22c0_0 .net *"_s31", 0 0, L_0x15c6530; 1 drivers
v0x15c23c0_0 .net *"_s32", 0 0, L_0x15c61d0; 1 drivers
v0x15c2460_0 .net *"_s35", 0 0, L_0x15c65d0; 1 drivers
v0x15c2570_0 .net *"_s36", 0 0, L_0x15c66c0; 1 drivers
v0x15c2610_0 .net *"_s38", 0 0, L_0x15c6840; 1 drivers
v0x15c2730_0 .net *"_s4", 0 0, L_0x15c5b00; 1 drivers
v0x15c27d0_0 .net *"_s40", 0 0, L_0x15c6940; 1 drivers
v0x15c2690_0 .net *"_s47", 0 0, L_0x15c6c20; 1 drivers
v0x15c2920_0 .net *"_s51", 0 0, L_0x15c6e10; 1 drivers
v0x15c2a40_0 .net *"_s55", 0 0, L_0x15c6fb0; 1 drivers
v0x15c2ac0_0 .net *"_s6", 0 0, L_0x15c5c80; 1 drivers
v0x15c29a0_0 .net *"_s9", 0 0, L_0x15c5ce0; 1 drivers
v0x15c2bf0_0 .alias "clk", 0 0, v0x15c3600_0;
RS_0x7fb7ecb0f528 .resolv tri, L_0x15c55b0, L_0x15c56b0, C4<zz>, C4<zz>;
v0x15c2b40_0 .net8 "cnt", 1 0, RS_0x7fb7ecb0f528; 2 drivers
v0x15c2d30_0 .net "cnt_en", 0 0, L_0x15c5a10; 1 drivers
v0x15c2c70_0 .net "da", 0 0, L_0x15c6010; 1 drivers
v0x15c2e80_0 .net "db", 0 0, L_0x15c6110; 1 drivers
v0x15c2db0_0 .net "dc", 0 0, L_0x15c6a80; 1 drivers
v0x15c2fe0_0 .net8 "number", 2 0, RS_0x7fb7ecb0fd68; 3 drivers
v0x15c2f00_0 .net "qa", 0 0, L_0x15c3d50; 1 drivers
v0x15c3150_0 .net "qa_c", 0 0, L_0x15c3e50; 1 drivers
v0x15c3060_0 .net "qb", 0 0, L_0x15c42b0; 1 drivers
v0x15c32d0_0 .net "qb_c", 0 0, L_0x15c43b0; 1 drivers
v0x15c31d0_0 .net "qc", 0 0, L_0x15c4720; 1 drivers
v0x15c3460_0 .net "qc_c", 0 0, L_0x15c4820; 1 drivers
v0x15c3350_0 .alias "rst", 0 0, v0x15c37b0_0;
L_0x15c5ce0 .part RS_0x7fb7ecb0f528, 0, 1;
L_0x15c5e70 .part RS_0x7fb7ecb0f528, 1, 1;
L_0x15c6490 .part RS_0x7fb7ecb0f528, 0, 1;
L_0x15c6530 .part RS_0x7fb7ecb0f528, 1, 1;
L_0x15c65d0 .reduce/nor L_0x15c61d0;
L_0x15c6b80 .part/pv L_0x15c6c20, 2, 1, 3;
L_0x15c6d70 .part/pv L_0x15c6e10, 1, 1, 3;
L_0x15c6ec0 .part/pv L_0x15c6fb0, 0, 1, 3;
S_0x15c15b0 .scope module, "a" "flipflop" 3 10, 3 42, S_0x15bf1d0;
 .timescale 0 0;
L_0x15c2340 .functor NAND 1, L_0x15c3c50, L_0x15c39c0, C4<1>, C4<1>;
L_0x15c39c0 .functor NAND 1, L_0x15c2340, C4<z>, C4<z>, C4<1>;
L_0x15c1080 .functor NAND 1, L_0x15c3c50, C4<z>, C4<1>, C4<1>;
L_0x15c3c50 .functor NAND 1, L_0x15c1080, L_0x15c6010, C4<z>, C4<1>;
L_0x15c3d50 .functor NAND 1, L_0x15c3e50, L_0x15c39c0, C4<1>, C4<1>;
L_0x15c3e50 .functor NAND 1, L_0x15c3d50, L_0x15c1080, C4<z>, C4<1>;
v0x15c16a0_0 .alias "CLK", 0 0, v0x15c3600_0;
v0x15c1740_0 .alias "D", 0 0, v0x15c2c70_0;
v0x15c17e0_0 .alias "Q", 0 0, v0x15c2f00_0;
v0x15c1880_0 .alias "Qc", 0 0, v0x15c3150_0;
v0x15c1930_0 .net "R", 0 0, L_0x15c1080; 1 drivers
v0x15c19d0_0 .alias "RST", 0 0, v0x15c37b0_0;
v0x15c1aa0_0 .net "Rc", 0 0, L_0x15c3c50; 1 drivers
v0x15c1b40_0 .net "S", 0 0, L_0x15c39c0; 1 drivers
v0x15c1c30_0 .net "Sc", 0 0, L_0x15c2340; 1 drivers
S_0x15c0ef0 .scope module, "b" "flipflop" 3 11, 3 42, S_0x15bf1d0;
 .timescale 0 0;
L_0x15c3ef0 .functor NAND 1, L_0x15c41b0, L_0x15c3f50, C4<1>, C4<1>;
L_0x15c3f50 .functor NAND 1, L_0x15c3ef0, C4<z>, C4<z>, C4<1>;
L_0x15c3830 .functor NAND 1, L_0x15c41b0, C4<z>, C4<1>, C4<1>;
L_0x15c41b0 .functor NAND 1, L_0x15c3830, L_0x15c6110, C4<z>, C4<1>;
L_0x15c42b0 .functor NAND 1, L_0x15c43b0, L_0x15c3f50, C4<1>, C4<1>;
L_0x15c43b0 .functor NAND 1, L_0x15c42b0, L_0x15c3830, C4<z>, C4<1>;
v0x15c0fe0_0 .alias "CLK", 0 0, v0x15c3600_0;
v0x15c1110_0 .alias "D", 0 0, v0x15c2e80_0;
v0x15c11b0_0 .alias "Q", 0 0, v0x15c3060_0;
v0x15c1250_0 .alias "Qc", 0 0, v0x15c32d0_0;
v0x15c12d0_0 .net "R", 0 0, L_0x15c3830; 1 drivers
v0x15c1370_0 .alias "RST", 0 0, v0x15c37b0_0;
v0x15c13f0_0 .net "Rc", 0 0, L_0x15c41b0; 1 drivers
v0x15c1470_0 .net "S", 0 0, L_0x15c3f50; 1 drivers
v0x15c1510_0 .net "Sc", 0 0, L_0x15c3ef0; 1 drivers
S_0x15c08f0 .scope module, "c" "flipflop" 3 12, 3 42, S_0x15bf1d0;
 .timescale 0 0;
L_0x15c4410 .functor NAND 1, L_0x15c4620, L_0x15c4470, C4<1>, C4<1>;
L_0x15c4470 .functor NAND 1, L_0x15c4410, C4<z>, C4<z>, C4<1>;
L_0x15c4570 .functor NAND 1, L_0x15c4620, C4<z>, C4<1>, C4<1>;
L_0x15c4620 .functor NAND 1, L_0x15c4570, L_0x15c6a80, C4<z>, C4<1>;
L_0x15c4720 .functor NAND 1, L_0x15c4820, L_0x15c4470, C4<1>, C4<1>;
L_0x15c4820 .functor NAND 1, L_0x15c4720, L_0x15c4570, C4<z>, C4<1>;
v0x15c09e0_0 .alias "CLK", 0 0, v0x15c3600_0;
v0x15c0a60_0 .alias "D", 0 0, v0x15c2db0_0;
v0x15c0ae0_0 .alias "Q", 0 0, v0x15c31d0_0;
v0x15c0b60_0 .alias "Qc", 0 0, v0x15c3460_0;
v0x15c0be0_0 .net "R", 0 0, L_0x15c4570; 1 drivers
v0x15c0c60_0 .alias "RST", 0 0, v0x15c37b0_0;
v0x15c0ce0_0 .net "Rc", 0 0, L_0x15c4620; 1 drivers
v0x15c0d60_0 .net "S", 0 0, L_0x15c4470; 1 drivers
v0x15c0e50_0 .net "Sc", 0 0, L_0x15c4410; 1 drivers
S_0x15bf2c0 .scope module, "count" "counter" 3 13, 3 25, S_0x15bf1d0;
 .timescale 0 0;
L_0x15c53d0 .functor AND 1, L_0x15c5330, L_0x15c4bd0, C4<1>, C4<1>;
L_0x15c5550 .functor BUFZ 1, L_0x15c5330, C4<0>, C4<0>, C4<0>;
L_0x15c5650 .functor BUFZ 1, L_0x15c4bd0, C4<0>, C4<0>, C4<0>;
L_0x15c5750 .functor BUFZ 1, L_0x15c49e0, C4<0>, C4<0>, C4<0>;
v0x15c0120_0 .net *"_s11", 0 0, L_0x15c5750; 1 drivers
v0x15c01e0_0 .net *"_s7", 0 0, L_0x15c5650; 1 drivers
v0x15c0280_0 .net "c0_in", 0 0, L_0x15c5550; 1 drivers
v0x15c0330_0 .net "c1_in", 0 0, L_0x15c53d0; 1 drivers
v0x15c0410_0 .alias "clk", 0 0, v0x15c3600_0;
v0x15c04e0_0 .alias "counter", 1 0, v0x15c2b40_0;
v0x15c0560_0 .net "q0", 0 0, L_0x15c4bd0; 1 drivers
v0x15c05e0_0 .net "q0_c", 0 0, L_0x15c4cd0; 1 drivers
v0x15c06b0_0 .net "q1", 0 0, L_0x15c49e0; 1 drivers
v0x15c0760_0 .net "q1_c", 0 0, L_0x15c5330; 1 drivers
v0x15c0870_0 .alias "rst", 0 0, v0x15c2d30_0;
L_0x15c55b0 .part/pv L_0x15c5650, 0, 1, 2;
L_0x15c56b0 .part/pv L_0x15c5750, 1, 1, 2;
S_0x15bfa90 .scope module, "cnt0" "flipflop" 3 32, 3 42, S_0x15bf2c0;
 .timescale 0 0;
L_0x15c4880 .functor NAND 1, L_0x15c4ad0, L_0x15c48e0, C4<1>, C4<1>;
L_0x15c48e0 .functor NAND 1, L_0x15c4880, C4<z>, L_0x15c5a10, C4<1>;
L_0x15c4a70 .functor NAND 1, L_0x15c4ad0, C4<z>, C4<1>, C4<1>;
L_0x15c4ad0 .functor NAND 1, L_0x15c4a70, L_0x15c5550, L_0x15c5a10, C4<1>;
L_0x15c4bd0 .functor NAND 1, L_0x15c4cd0, L_0x15c48e0, C4<1>, C4<1>;
L_0x15c4cd0 .functor NAND 1, L_0x15c4bd0, L_0x15c4a70, L_0x15c5a10, C4<1>;
v0x15bfb80_0 .alias "CLK", 0 0, v0x15c3600_0;
v0x15bfc20_0 .alias "D", 0 0, v0x15c0280_0;
v0x15bfca0_0 .alias "Q", 0 0, v0x15c0560_0;
v0x15bfd40_0 .alias "Qc", 0 0, v0x15c05e0_0;
v0x15bfdf0_0 .net "R", 0 0, L_0x15c4a70; 1 drivers
v0x15bfe90_0 .alias "RST", 0 0, v0x15c2d30_0;
v0x15bff10_0 .net "Rc", 0 0, L_0x15c4ad0; 1 drivers
v0x15bff90_0 .net "S", 0 0, L_0x15c48e0; 1 drivers
v0x15c0080_0 .net "Sc", 0 0, L_0x15c4880; 1 drivers
S_0x15bf3b0 .scope module, "cnt1" "flipflop" 3 33, 3 42, S_0x15bf2c0;
 .timescale 0 0;
L_0x15c4d70 .functor NAND 1, L_0x15c3ba0, L_0x15c4dd0, C4<1>, C4<1>;
L_0x15c4dd0 .functor NAND 1, L_0x15c4d70, C4<z>, L_0x15c5a10, C4<1>;
L_0x15c3af0 .functor NAND 1, L_0x15c3ba0, C4<z>, C4<1>, C4<1>;
L_0x15c3ba0 .functor NAND 1, L_0x15c3af0, L_0x15c53d0, L_0x15c5a10, C4<1>;
L_0x15c49e0 .functor NAND 1, L_0x15c5330, L_0x15c4dd0, C4<1>, C4<1>;
L_0x15c5330 .functor NAND 1, L_0x15c49e0, L_0x15c3af0, L_0x15c5a10, C4<1>;
v0x15bf4a0_0 .alias "CLK", 0 0, v0x15c3600_0;
v0x15bf560_0 .alias "D", 0 0, v0x15c0330_0;
v0x15bf600_0 .alias "Q", 0 0, v0x15c06b0_0;
v0x15bf6a0_0 .alias "Qc", 0 0, v0x15c0760_0;
v0x15bf720_0 .net "R", 0 0, L_0x15c3af0; 1 drivers
v0x15bf7c0_0 .alias "RST", 0 0, v0x15c2d30_0;
v0x15bf860_0 .net "Rc", 0 0, L_0x15c3ba0; 1 drivers
v0x15bf900_0 .net "S", 0 0, L_0x15c4dd0; 1 drivers
v0x15bf9f0_0 .net "Sc", 0 0, L_0x15c4d70; 1 drivers
S_0x1592e00 .scope module, "c" "comp" 2 9, 2 13, S_0x1594f20;
 .timescale 0 0;
L_0x15c7220 .functor XOR 4, RS_0x7fb7ecb0f168, C4<0001>, C4<0000>, C4<0000>;
v0x1596fc0_0 .net *"_s0", 3 0, C4<0001>; 1 drivers
v0x15bec30_0 .net *"_s10", 31 0, L_0x15c73f0; 1 drivers
v0x15becd0_0 .net *"_s4", 31 0, L_0x15c7310; 1 drivers
v0x15bed70_0 .net *"_s7", 30 0, C4<0000000000000000000000000000000>; 1 drivers
v0x15bee20_0 .net *"_s8", 31 0, C4<00000000000000000000000000000001>; 1 drivers
v0x15beec0_0 .net "comp", 0 0, C4<z>; 0 drivers
v0x15befa0_0 .net "comp1", 3 0, L_0x15c7220; 1 drivers
v0x15bf040_0 .alias "in", 3 0, v0x15c3680_0;
v0x15bf130_0 .alias "out", 3 0, v0x15c3700_0;
L_0x15c7310 .concat [ 1 31 0 0], C4<z>, C4<0000000000000000000000000000000>;
L_0x15c73f0 .arith/sum 32, L_0x15c7310, C4<00000000000000000000000000000001>;
L_0x15c7590 .part L_0x15c73f0, 0, 4;
# The file index is used to find the file name in the following table.
:file_names 4;
    "N/A";
    "<interactive>";
    "final.v";
    "./../fsm.v";
