Info: Start Nativelink Simulation process

========= EDA Simulation Settings =====================

Sim Mode              :  Gate
Family                :  cycloneivgx
Quartus root          :  d:/altera/14.1/quartus/bin64/
Quartus sim root      :  d:/altera/14.1/quartus/eda/sim_lib
Simulation Tool       :  modelsim-altera
Simulation Language   :  verilog
Simulation Mode       :  GUI
Sim Output File       :  mid2.vo
Sim SDF file          :  mid2__verilog.sdo
Sim dir               :  simulation\modelsim

=======================================================

Info: Starting NativeLink simulation with ModelSim-Altera software
Sourced NativeLink script d:/altera/14.1/quartus/common/tcl/internal/nativelink/modelsim.tcl
Warning: File mid2_run_msim_gate_verilog.do already exists - backing up current file as mid2_run_msim_gate_verilog.do.bak11
Probing transcript
ModelSim-Altera Info: # Reading D:/altera/14.1/modelsim_ase/tcl/vsim/pref.tcl
ModelSim-Altera Info: # do mid2_run_msim_gate_verilog.do
ModelSim-Altera Info: # if {[file exists gate_work]} {
ModelSim-Altera Info: # 	vdel -lib gate_work -all
ModelSim-Altera Info: # }
ModelSim-Altera Info: # vlib gate_work
ModelSim-Altera Info: # vmap work gate_work
ModelSim-Altera Info: # Model Technology ModelSim PE vmap 10.3c Lib Mapping Utility 2014.09 Sep 20 2014
ModelSim-Altera Info: # vmap -modelsim_quiet work gate_work 
ModelSim-Altera Info: # Copying D:/altera/14.1/modelsim_ase/win32aloem/../modelsim.ini to modelsim.ini
ModelSim-Altera Info: # Modifying modelsim.ini
ModelSim-Altera Warning: # ** Warning: Copied D:/altera/14.1/modelsim_ase/win32aloem/../modelsim.ini to modelsim.ini.
ModelSim-Altera Info: #          Updated modelsim.ini.
ModelSim-Altera Info: # 
ModelSim-Altera Info: # vlog -vlog01compat -work work +incdir+. {mid2.vo}
ModelSim-Altera Info: # Model Technology ModelSim ALTERA vlog 10.3c Compiler 2014.09 Sep 20 2014
ModelSim-Altera Info: # Start time: 21:28:48 on Dec 22,2018
ModelSim-Altera Info: # vlog -reportprogress 300 -vlog01compat -work work "+incdir+." mid2.vo 
ModelSim-Altera Info: # -- Compiling module mid2
ModelSim-Altera Info: # 
ModelSim-Altera Info: # Top level modules:
ModelSim-Altera Info: # 	mid2
ModelSim-Altera Info: # End time: 21:28:48 on Dec 22,2018, Elapsed time: 0:00:00
ModelSim-Altera Info: # Errors: 0, Warnings: 0
ModelSim-Altera Info: # 
ModelSim-Altera Info: # vlog -vlog01compat -work work +incdir+D:/altera_project/logicDesignLab/midTerm2 {D:/altera_project/logicDesignLab/midTerm2/testbench.v}
ModelSim-Altera Info: # Model Technology ModelSim ALTERA vlog 10.3c Compiler 2014.09 Sep 20 2014
ModelSim-Altera Info: # Start time: 21:28:48 on Dec 22,2018
ModelSim-Altera Info: # vlog -reportprogress 300 -vlog01compat -work work "+incdir+D:/altera_project/logicDesignLab/midTerm2" D:/altera_project/logicDesignLab/midTerm2/testbench.v 
ModelSim-Altera Info: # -- Compiling module testbench
ModelSim-Altera Info: # 
ModelSim-Altera Info: # Top level modules:
ModelSim-Altera Info: # 	testbench
ModelSim-Altera Info: # End time: 21:28:48 on Dec 22,2018, Elapsed time: 0:00:00
ModelSim-Altera Info: # Errors: 0, Warnings: 0
ModelSim-Altera Info: # 
ModelSim-Altera Info: # vsim -t 1ps +transport_int_delays +transport_path_delays -L altera_mf_ver -L altera_ver -L lpm_ver -L sgate_ver -L cycloneiv_hssi_ver -L cycloneiv_pcie_hip_ver -L cycloneiv_ver -L gate_work -L work -voptargs="+acc"  testbench
ModelSim-Altera Info: # vsim -gui -l msim_transcript -do "mid2_run_msim_gate_verilog.do" 
ModelSim-Altera Info: # Start time: 21:28:48 on Dec 22,2018
ModelSim-Altera Info: # Loading work.testbench
ModelSim-Altera Info: # Loading work.mid2
ModelSim-Altera Info: # Loading cycloneiv_ver.cycloneiv_io_obuf
ModelSim-Altera Info: # Loading cycloneiv_ver.cycloneiv_io_ibuf
ModelSim-Altera Info: # Loading cycloneiv_ver.cycloneiv_lcell_comb
ModelSim-Altera Info: # SDF 10.3c Compiler 2014.09 Sep 20 2014
ModelSim-Altera Info: # 
ModelSim-Altera Info: # Loading instances from mid2_v.sdo
ModelSim-Altera Info: # Loading timing data from mid2_v.sdo
ModelSim-Altera Info: # ** Note: (vsim-3587) SDF Backannotation Successfully Completed.
ModelSim-Altera Info: #    Time: 0 ps  Iteration: 0  Instance: /testbench File: D:/altera_project/logicDesignLab/midTerm2/testbench.v
ModelSim-Altera Info: # 
ModelSim-Altera Info: # add wave *
ModelSim-Altera Info: # view structure
ModelSim-Altera Info: # .main_pane.structure.interior.cs.body.struct
ModelSim-Altera Info: # view signals
ModelSim-Altera Info: # .main_pane.objects.interior.cs.body.tree
ModelSim-Altera Info: # run -all
ModelSim-Altera Info: # ** Note: $finish    : D:/altera_project/logicDesignLab/midTerm2/testbench.v(25)
ModelSim-Altera Info: #    Time: 4100 ns  Iteration: 0  Instance: /testbench
ModelSim-Altera Info: # End time: 21:31:23 on Dec 22,2018, Elapsed time: 0:02:35
ModelSim-Altera Info: # Errors: 0, Warnings: 0
Info: NativeLink simulation flow was successful
